<?xml version="1.0" encoding="UTF-8"?>
<testng-results skipped="0" failed="1" total="3" passed="2">
  <reporter-output>
  </reporter-output>
  <suite name="Suite" duration-ms="17487" started-at="2018-07-25T06:47:00Z" finished-at="2018-07-25T06:47:18Z">
    <groups>
    </groups>
    <test name="Test" duration-ms="1508" started-at="2018-07-25T06:47:00Z" finished-at="2018-07-25T06:47:02Z">
      <class name="tests.LoginTest">
        <test-method status="FAIL" signature="LoginInvalid()[pri:0, instance:tests.LoginTest@18be83e4]" name="LoginInvalid" duration-ms="47" started-at="2018-07-25T12:17:02Z" finished-at="2018-07-25T12:17:02Z">
          <exception class="java.lang.AssertionError">
            <message>
              <![CDATA[expected [Tested] but found [Tested123]]]>
            </message>
            <full-stacktrace>
              <![CDATA[java.lang.AssertionError: expected [Tested] but found [Tested123]
	at org.testng.Assert.fail(Assert.java:94)
	at org.testng.Assert.failNotEquals(Assert.java:494)
	at org.testng.Assert.assertEquals(Assert.java:123)
	at org.testng.Assert.assertEquals(Assert.java:176)
	at org.testng.Assert.assertEquals(Assert.java:186)
	at tests.LoginTest.LoginInvalid(LoginTest.java:18)
	at sun.reflect.NativeMethodAccessorImpl.invoke0(Native Method)
	at sun.reflect.NativeMethodAccessorImpl.invoke(Unknown Source)
	at sun.reflect.DelegatingMethodAccessorImpl.invoke(Unknown Source)
	at java.lang.reflect.Method.invoke(Unknown Source)
	at org.testng.internal.MethodInvocationHelper.invokeMethod(MethodInvocationHelper.java:80)
	at org.testng.internal.Invoker.invokeMethod(Invoker.java:714)
	at org.testng.internal.Invoker.invokeTestMethod(Invoker.java:901)
	at org.testng.internal.Invoker.invokeTestMethods(Invoker.java:1231)
	at org.testng.internal.TestMethodWorker.invokeTestMethods(TestMethodWorker.java:127)
	at org.testng.internal.TestMethodWorker.run(TestMethodWorker.java:111)
	at org.testng.TestRunner.privateRun(TestRunner.java:767)
	at org.testng.TestRunner.run(TestRunner.java:617)
	at org.testng.SuiteRunner.runTest(SuiteRunner.java:334)
	at org.testng.SuiteRunner.runSequentially(SuiteRunner.java:329)
	at org.testng.SuiteRunner.privateRun(SuiteRunner.java:291)
	at org.testng.SuiteRunner.run(SuiteRunner.java:240)
	at org.testng.SuiteRunnerWorker.runSuite(SuiteRunnerWorker.java:52)
	at org.testng.SuiteRunnerWorker.run(SuiteRunnerWorker.java:86)
	at org.testng.TestNG.runSuitesSequentially(TestNG.java:1198)
	at org.testng.TestNG.runSuitesLocally(TestNG.java:1123)
	at org.testng.TestNG.run(TestNG.java:1031)
	at org.testng.remote.AbstractRemoteTestNG.run(AbstractRemoteTestNG.java:114)
	at org.testng.remote.RemoteTestNG.initAndRun(RemoteTestNG.java:251)
	at org.testng.remote.RemoteTestNG.main(RemoteTestNG.java:77)
]]>
            </full-stacktrace>
          </exception> <!-- java.lang.AssertionError -->
          <reporter-output>
          </reporter-output>
        </test-method> <!-- LoginInvalid -->
        <test-method status="PASS" signature="LoginValid()[pri:0, instance:tests.LoginTest@18be83e4]" name="LoginValid" duration-ms="0" started-at="2018-07-25T12:17:02Z" finished-at="2018-07-25T12:17:02Z">
          <reporter-output>
          </reporter-output>
        </test-method> <!-- LoginValid -->
      </class> <!-- tests.LoginTest -->
    </test> <!-- Test -->
    <test name="Test2" duration-ms="14791" started-at="2018-07-25T06:47:03Z" finished-at="2018-07-25T06:47:18Z">
      <class name="tests.RegistrationTest">
        <test-method status="PASS" signature="beforeTest()[pri:0, instance:tests.RegistrationTest@4dfa3a9d]" name="beforeTest" is-config="true" duration-ms="10618" started-at="2018-07-25T12:17:03Z" finished-at="2018-07-25T12:17:14Z">
          <reporter-output>
          </reporter-output>
        </test-method> <!-- beforeTest -->
        <test-method status="PASS" signature="Testregistration()[pri:0, instance:tests.RegistrationTest@4dfa3a9d]" name="Testregistration" duration-ms="4157" started-at="2018-07-25T12:17:14Z" finished-at="2018-07-25T12:17:18Z">
          <reporter-output>
          </reporter-output>
        </test-method> <!-- Testregistration -->
      </class> <!-- tests.RegistrationTest -->
    </test> <!-- Test2 -->
  </suite> <!-- Suite -->
</testng-results>
